2016-09-18 00:50:15.680  INFO 3840 --- [main] g.PasswordGeneratorApplicationTests      : Starting PasswordGeneratorApplicationTests on RCA with PID 3840 (started by Ronnie Ang in R:\Developer\workspace\password-generator)
2016-09-18 00:50:15.681  INFO 3840 --- [main] g.PasswordGeneratorApplicationTests      : No active profile set, falling back to default profiles: default
2016-09-18 00:50:15.894  INFO 3840 --- [main] o.s.w.c.s.GenericWebApplicationContext   : Refreshing org.springframework.web.context.support.GenericWebApplicationContext@40112d: startup date [Sun Sep 18 00:50:15 CST 2016]; root of context hierarchy
2016-09-18 00:50:16.969  INFO 3840 --- [main] s.w.s.m.m.a.RequestMappingHandlerAdapter : Looking for @ControllerAdvice: org.springframework.web.context.support.GenericWebApplicationContext@40112d: startup date [Sun Sep 18 00:50:15 CST 2016]; root of context hierarchy
2016-09-18 00:50:17.019  INFO 3840 --- [main] s.w.s.m.m.a.RequestMappingHandlerMapping : Mapped "{[/password],methods=[POST]}" onto public java.util.Map<java.lang.String, java.lang.Object> generator.controller.PasswordGeneratorController.index(java.util.Map<java.lang.String, java.lang.Object>)
2016-09-18 00:50:17.022  INFO 3840 --- [main] s.w.s.m.m.a.RequestMappingHandlerMapping : Mapped "{[/error]}" onto public org.springframework.http.ResponseEntity<java.util.Map<java.lang.String, java.lang.Object>> org.springframework.boot.autoconfigure.web.BasicErrorController.error(javax.servlet.http.HttpServletRequest)
2016-09-18 00:50:17.022  INFO 3840 --- [main] s.w.s.m.m.a.RequestMappingHandlerMapping : Mapped "{[/error],produces=[text/html]}" onto public org.springframework.web.servlet.ModelAndView org.springframework.boot.autoconfigure.web.BasicErrorController.errorHtml(javax.servlet.http.HttpServletRequest,javax.servlet.http.HttpServletResponse)
2016-09-18 00:50:17.026  INFO 3840 --- [main] o.s.w.s.c.a.WebMvcConfigurerAdapter      : Adding welcome page: ServletContext resource [/index.html]
2016-09-18 00:50:17.037  INFO 3840 --- [main] o.s.w.s.handler.SimpleUrlHandlerMapping  : Root mapping to handler of type [class org.springframework.web.servlet.mvc.ParameterizableViewController]
2016-09-18 00:50:17.049  INFO 3840 --- [main] o.s.w.s.handler.SimpleUrlHandlerMapping  : Mapped URL path [/webjars/**] onto handler of type [class org.springframework.web.servlet.resource.ResourceHttpRequestHandler]
2016-09-18 00:50:17.049  INFO 3840 --- [main] o.s.w.s.handler.SimpleUrlHandlerMapping  : Mapped URL path [/**] onto handler of type [class org.springframework.web.servlet.resource.ResourceHttpRequestHandler]
2016-09-18 00:50:17.079  INFO 3840 --- [main] o.s.w.s.handler.SimpleUrlHandlerMapping  : Mapped URL path [/**/favicon.ico] onto handler of type [class org.springframework.web.servlet.resource.ResourceHttpRequestHandler]
2016-09-18 00:50:17.420  INFO 3840 --- [main] g.PasswordGeneratorApplicationTests      : Started PasswordGeneratorApplicationTests in 2.084 seconds (JVM running for 2.583)
2016-09-18 00:50:17.441  INFO 3840 --- [Thread-2] o.s.w.c.s.GenericWebApplicationContext   : Closing org.springframework.web.context.support.GenericWebApplicationContext@40112d: startup date [Sun Sep 18 00:50:15 CST 2016]; root of context hierarchy
2016-09-18 21:49:02.293  INFO 2616 --- [restartedMain] generator.PasswordGeneratorApplication   : Starting PasswordGeneratorApplication on RCA with PID 2616 (R:\Developer\workspace\password-generator\target\classes started by Ronnie Ang in R:\Developer\workspace\password-generator)
2016-09-18 21:49:02.320  INFO 2616 --- [restartedMain] generator.PasswordGeneratorApplication   : No active profile set, falling back to default profiles: default
2016-09-18 21:49:03.697  INFO 2616 --- [restartedMain] ationConfigEmbeddedWebApplicationContext : Refreshing org.springframework.boot.context.embedded.AnnotationConfigEmbeddedWebApplicationContext@183b4f1: startup date [Sun Sep 18 21:49:03 CST 2016]; root of context hierarchy
2016-09-18 21:49:05.877  INFO 2616 --- [restartedMain] s.b.c.e.t.TomcatEmbeddedServletContainer : Tomcat initialized with port(s): 8080 (http)
2016-09-18 21:49:05.914  INFO 2616 --- [restartedMain] o.apache.catalina.core.StandardService   : Starting service Tomcat
2016-09-18 21:49:05.915  INFO 2616 --- [restartedMain] org.apache.catalina.core.StandardEngine  : Starting Servlet Engine: Apache Tomcat/8.5.4
2016-09-18 21:49:06.116  INFO 2616 --- [localhost-startStop-1] o.a.c.c.C.[Tomcat].[localhost].[/]       : Initializing Spring embedded WebApplicationContext
2016-09-18 21:49:06.117  INFO 2616 --- [localhost-startStop-1] o.s.web.context.ContextLoader            : Root WebApplicationContext: initialization completed in 2454 ms
2016-09-18 21:49:06.240  INFO 2616 --- [localhost-startStop-1] o.s.b.w.servlet.ServletRegistrationBean  : Mapping servlet: 'dispatcherServlet' to [/]
2016-09-18 21:49:06.244  INFO 2616 --- [localhost-startStop-1] o.s.b.w.servlet.FilterRegistrationBean   : Mapping filter: 'characterEncodingFilter' to: [/*]
2016-09-18 21:49:06.244  INFO 2616 --- [localhost-startStop-1] o.s.b.w.servlet.FilterRegistrationBean   : Mapping filter: 'hiddenHttpMethodFilter' to: [/*]
2016-09-18 21:49:06.245  INFO 2616 --- [localhost-startStop-1] o.s.b.w.servlet.FilterRegistrationBean   : Mapping filter: 'httpPutFormContentFilter' to: [/*]
2016-09-18 21:49:06.245  INFO 2616 --- [localhost-startStop-1] o.s.b.w.servlet.FilterRegistrationBean   : Mapping filter: 'requestContextFilter' to: [/*]
2016-09-18 21:49:06.627  INFO 2616 --- [restartedMain] s.w.s.m.m.a.RequestMappingHandlerAdapter : Looking for @ControllerAdvice: org.springframework.boot.context.embedded.AnnotationConfigEmbeddedWebApplicationContext@183b4f1: startup date [Sun Sep 18 21:49:03 CST 2016]; root of context hierarchy
2016-09-18 21:49:06.704  INFO 2616 --- [restartedMain] s.w.s.m.m.a.RequestMappingHandlerMapping : Mapped "{[/password],methods=[POST]}" onto public java.util.Map<java.lang.String, java.lang.Object> generator.controller.PasswordGeneratorController.index(java.util.Map<java.lang.String, java.lang.Object>)
2016-09-18 21:49:06.707  INFO 2616 --- [restartedMain] s.w.s.m.m.a.RequestMappingHandlerMapping : Mapped "{[/error]}" onto public org.springframework.http.ResponseEntity<java.util.Map<java.lang.String, java.lang.Object>> org.springframework.boot.autoconfigure.web.BasicErrorController.error(javax.servlet.http.HttpServletRequest)
2016-09-18 21:49:06.708  INFO 2616 --- [restartedMain] s.w.s.m.m.a.RequestMappingHandlerMapping : Mapped "{[/error],produces=[text/html]}" onto public org.springframework.web.servlet.ModelAndView org.springframework.boot.autoconfigure.web.BasicErrorController.errorHtml(javax.servlet.http.HttpServletRequest,javax.servlet.http.HttpServletResponse)
2016-09-18 21:49:06.711  INFO 2616 --- [restartedMain] o.s.w.s.c.a.WebMvcConfigurerAdapter      : Adding welcome page: class path resource [static/index.html]
2016-09-18 21:49:06.725  INFO 2616 --- [restartedMain] o.s.w.s.handler.SimpleUrlHandlerMapping  : Root mapping to handler of type [class org.springframework.web.servlet.mvc.ParameterizableViewController]
2016-09-18 21:49:06.734  INFO 2616 --- [restartedMain] o.s.w.s.handler.SimpleUrlHandlerMapping  : Mapped URL path [/webjars/**] onto handler of type [class org.springframework.web.servlet.resource.ResourceHttpRequestHandler]
2016-09-18 21:49:06.735  INFO 2616 --- [restartedMain] o.s.w.s.handler.SimpleUrlHandlerMapping  : Mapped URL path [/**] onto handler of type [class org.springframework.web.servlet.resource.ResourceHttpRequestHandler]
2016-09-18 21:49:06.765  INFO 2616 --- [restartedMain] o.s.w.s.handler.SimpleUrlHandlerMapping  : Mapped URL path [/**/favicon.ico] onto handler of type [class org.springframework.web.servlet.resource.ResourceHttpRequestHandler]
2016-09-18 21:49:06.797  WARN 2616 --- [restartedMain] .t.AbstractTemplateResolverConfiguration : Cannot find template location: classpath:/templates/ (please add some templates or check your Thymeleaf configuration)
2016-09-18 21:49:07.310  INFO 2616 --- [restartedMain] o.s.b.d.a.OptionalLiveReloadServer       : LiveReload server is running on port 35729
2016-09-18 21:49:07.374  INFO 2616 --- [restartedMain] o.s.j.e.a.AnnotationMBeanExporter        : Registering beans for JMX exposure on startup
2016-09-18 21:49:07.534 ERROR 2616 --- [restartedMain] o.a.coyote.http11.Http11NioProtocol      : Failed to start end point associated with ProtocolHandler [http-nio-8080]

java.net.BindException: Address already in use: bind
	at sun.nio.ch.Net.bind0(Native Method) ~[na:1.8.0_101]
	at sun.nio.ch.Net.bind(Net.java:433) ~[na:1.8.0_101]
	at sun.nio.ch.Net.bind(Net.java:425) ~[na:1.8.0_101]
	at sun.nio.ch.ServerSocketChannelImpl.bind(ServerSocketChannelImpl.java:223) ~[na:1.8.0_101]
	at sun.nio.ch.ServerSocketAdaptor.bind(ServerSocketAdaptor.java:74) ~[na:1.8.0_101]
	at org.apache.tomcat.util.net.NioEndpoint.bind(NioEndpoint.java:229) ~[tomcat-embed-core-8.5.4.jar:8.5.4]
	at org.apache.tomcat.util.net.AbstractEndpoint.start(AbstractEndpoint.java:874) ~[tomcat-embed-core-8.5.4.jar:8.5.4]
	at org.apache.coyote.AbstractProtocol.start(AbstractProtocol.java:573) ~[tomcat-embed-core-8.5.4.jar:8.5.4]
	at org.apache.catalina.connector.Connector.startInternal(Connector.java:1035) [tomcat-embed-core-8.5.4.jar:8.5.4]
	at org.apache.catalina.util.LifecycleBase.start(LifecycleBase.java:152) [tomcat-embed-core-8.5.4.jar:8.5.4]
	at org.apache.catalina.core.StandardService.addConnector(StandardService.java:225) [tomcat-embed-core-8.5.4.jar:8.5.4]
	at org.springframework.boot.context.embedded.tomcat.TomcatEmbeddedServletContainer.addPreviouslyRemovedConnectors(TomcatEmbeddedServletContainer.java:234) [spring-boot-1.4.0.RELEASE.jar:1.4.0.RELEASE]
	at org.springframework.boot.context.embedded.tomcat.TomcatEmbeddedServletContainer.start(TomcatEmbeddedServletContainer.java:179) [spring-boot-1.4.0.RELEASE.jar:1.4.0.RELEASE]
	at org.springframework.boot.context.embedded.EmbeddedWebApplicationContext.startEmbeddedServletContainer(EmbeddedWebApplicationContext.java:297) [spring-boot-1.4.0.RELEASE.jar:1.4.0.RELEASE]
	at org.springframework.boot.context.embedded.EmbeddedWebApplicationContext.finishRefresh(EmbeddedWebApplicationContext.java:145) [spring-boot-1.4.0.RELEASE.jar:1.4.0.RELEASE]
	at org.springframework.context.support.AbstractApplicationContext.refresh(AbstractApplicationContext.java:544) [spring-context-4.3.2.RELEASE.jar:4.3.2.RELEASE]
	at org.springframework.boot.context.embedded.EmbeddedWebApplicationContext.refresh(EmbeddedWebApplicationContext.java:122) [spring-boot-1.4.0.RELEASE.jar:1.4.0.RELEASE]
	at org.springframework.boot.SpringApplication.refresh(SpringApplication.java:759) [spring-boot-1.4.0.RELEASE.jar:1.4.0.RELEASE]
	at org.springframework.boot.SpringApplication.refreshContext(SpringApplication.java:369) [spring-boot-1.4.0.RELEASE.jar:1.4.0.RELEASE]
	at org.springframework.boot.SpringApplication.run(SpringApplication.java:313) [spring-boot-1.4.0.RELEASE.jar:1.4.0.RELEASE]
	at org.springframework.boot.SpringApplication.run(SpringApplication.java:1185) [spring-boot-1.4.0.RELEASE.jar:1.4.0.RELEASE]
	at org.springframework.boot.SpringApplication.run(SpringApplication.java:1174) [spring-boot-1.4.0.RELEASE.jar:1.4.0.RELEASE]
	at generator.PasswordGeneratorApplication.main(PasswordGeneratorApplication.java:10) [classes/:na]
	at sun.reflect.NativeMethodAccessorImpl.invoke0(Native Method) ~[na:1.8.0_101]
	at sun.reflect.NativeMethodAccessorImpl.invoke(NativeMethodAccessorImpl.java:62) ~[na:1.8.0_101]
	at sun.reflect.DelegatingMethodAccessorImpl.invoke(DelegatingMethodAccessorImpl.java:43) ~[na:1.8.0_101]
	at java.lang.reflect.Method.invoke(Method.java:498) ~[na:1.8.0_101]
	at org.springframework.boot.devtools.restart.RestartLauncher.run(RestartLauncher.java:49) [spring-boot-devtools-1.4.0.RELEASE.jar:1.4.0.RELEASE]

2016-09-18 21:49:07.538 ERROR 2616 --- [restartedMain] o.apache.catalina.core.StandardService   : Failed to start connector [Connector[HTTP/1.1-8080]]

org.apache.catalina.LifecycleException: Failed to start component [Connector[HTTP/1.1-8080]]
	at org.apache.catalina.util.LifecycleBase.start(LifecycleBase.java:158) ~[tomcat-embed-core-8.5.4.jar:8.5.4]
	at org.apache.catalina.core.StandardService.addConnector(StandardService.java:225) ~[tomcat-embed-core-8.5.4.jar:8.5.4]
	at org.springframework.boot.context.embedded.tomcat.TomcatEmbeddedServletContainer.addPreviouslyRemovedConnectors(TomcatEmbeddedServletContainer.java:234) [spring-boot-1.4.0.RELEASE.jar:1.4.0.RELEASE]
	at org.springframework.boot.context.embedded.tomcat.TomcatEmbeddedServletContainer.start(TomcatEmbeddedServletContainer.java:179) [spring-boot-1.4.0.RELEASE.jar:1.4.0.RELEASE]
	at org.springframework.boot.context.embedded.EmbeddedWebApplicationContext.startEmbeddedServletContainer(EmbeddedWebApplicationContext.java:297) [spring-boot-1.4.0.RELEASE.jar:1.4.0.RELEASE]
	at org.springframework.boot.context.embedded.EmbeddedWebApplicationContext.finishRefresh(EmbeddedWebApplicationContext.java:145) [spring-boot-1.4.0.RELEASE.jar:1.4.0.RELEASE]
	at org.springframework.context.support.AbstractApplicationContext.refresh(AbstractApplicationContext.java:544) [spring-context-4.3.2.RELEASE.jar:4.3.2.RELEASE]
	at org.springframework.boot.context.embedded.EmbeddedWebApplicationContext.refresh(EmbeddedWebApplicationContext.java:122) [spring-boot-1.4.0.RELEASE.jar:1.4.0.RELEASE]
	at org.springframework.boot.SpringApplication.refresh(SpringApplication.java:759) [spring-boot-1.4.0.RELEASE.jar:1.4.0.RELEASE]
	at org.springframework.boot.SpringApplication.refreshContext(SpringApplication.java:369) [spring-boot-1.4.0.RELEASE.jar:1.4.0.RELEASE]
	at org.springframework.boot.SpringApplication.run(SpringApplication.java:313) [spring-boot-1.4.0.RELEASE.jar:1.4.0.RELEASE]
	at org.springframework.boot.SpringApplication.run(SpringApplication.java:1185) [spring-boot-1.4.0.RELEASE.jar:1.4.0.RELEASE]
	at org.springframework.boot.SpringApplication.run(SpringApplication.java:1174) [spring-boot-1.4.0.RELEASE.jar:1.4.0.RELEASE]
	at generator.PasswordGeneratorApplication.main(PasswordGeneratorApplication.java:10) [classes/:na]
	at sun.reflect.NativeMethodAccessorImpl.invoke0(Native Method) ~[na:1.8.0_101]
	at sun.reflect.NativeMethodAccessorImpl.invoke(NativeMethodAccessorImpl.java:62) ~[na:1.8.0_101]
	at sun.reflect.DelegatingMethodAccessorImpl.invoke(DelegatingMethodAccessorImpl.java:43) ~[na:1.8.0_101]
	at java.lang.reflect.Method.invoke(Method.java:498) ~[na:1.8.0_101]
	at org.springframework.boot.devtools.restart.RestartLauncher.run(RestartLauncher.java:49) [spring-boot-devtools-1.4.0.RELEASE.jar:1.4.0.RELEASE]
Caused by: org.apache.catalina.LifecycleException: service.getName(): "Tomcat";  Protocol handler start failed
	at org.apache.catalina.connector.Connector.startInternal(Connector.java:1042) ~[tomcat-embed-core-8.5.4.jar:8.5.4]
	at org.apache.catalina.util.LifecycleBase.start(LifecycleBase.java:152) ~[tomcat-embed-core-8.5.4.jar:8.5.4]
	... 18 common frames omitted
Caused by: java.net.BindException: Address already in use: bind
	at sun.nio.ch.Net.bind0(Native Method) ~[na:1.8.0_101]
	at sun.nio.ch.Net.bind(Net.java:433) ~[na:1.8.0_101]
	at sun.nio.ch.Net.bind(Net.java:425) ~[na:1.8.0_101]
	at sun.nio.ch.ServerSocketChannelImpl.bind(ServerSocketChannelImpl.java:223) ~[na:1.8.0_101]
	at sun.nio.ch.ServerSocketAdaptor.bind(ServerSocketAdaptor.java:74) ~[na:1.8.0_101]
	at org.apache.tomcat.util.net.NioEndpoint.bind(NioEndpoint.java:229) ~[tomcat-embed-core-8.5.4.jar:8.5.4]
	at org.apache.tomcat.util.net.AbstractEndpoint.start(AbstractEndpoint.java:874) ~[tomcat-embed-core-8.5.4.jar:8.5.4]
	at org.apache.coyote.AbstractProtocol.start(AbstractProtocol.java:573) ~[tomcat-embed-core-8.5.4.jar:8.5.4]
	at org.apache.catalina.connector.Connector.startInternal(Connector.java:1035) ~[tomcat-embed-core-8.5.4.jar:8.5.4]
	... 19 common frames omitted

2016-09-18 21:49:07.545  INFO 2616 --- [restartedMain] o.apache.catalina.core.StandardService   : Stopping service Tomcat
2016-09-18 21:49:07.686  INFO 2616 --- [restartedMain] utoConfigurationReportLoggingInitializer : 

Error starting ApplicationContext. To display the auto-configuration report enable debug logging (start with --debug)


2016-09-18 21:49:07.746 ERROR 2616 --- [restartedMain] o.s.b.d.LoggingFailureAnalysisReporter   : 

***************************
APPLICATION FAILED TO START
***************************

Description:

Embedded servlet container failed to start. Port 8080 was already in use.

Action:

Identify and stop the process that's listening on port 8080 or configure this application to listen on another port.

2016-09-18 21:49:07.747  INFO 2616 --- [restartedMain] ationConfigEmbeddedWebApplicationContext : Closing org.springframework.boot.context.embedded.AnnotationConfigEmbeddedWebApplicationContext@183b4f1: startup date [Sun Sep 18 21:49:03 CST 2016]; root of context hierarchy
2016-09-18 21:49:07.748  INFO 2616 --- [restartedMain] o.s.j.e.a.AnnotationMBeanExporter        : Unregistering JMX-exposed beans on shutdown
2016-09-18 21:52:43.717  INFO 6288 --- [restartedMain] generator.PasswordGeneratorApplication   : Starting PasswordGeneratorApplication on RCA with PID 6288 (R:\Developer\workspace\password-generator\target\classes started by Ronnie Ang in R:\Developer\workspace\password-generator)
2016-09-18 21:52:43.721  INFO 6288 --- [restartedMain] generator.PasswordGeneratorApplication   : No active profile set, falling back to default profiles: default
2016-09-18 21:52:43.977  INFO 6288 --- [restartedMain] ationConfigEmbeddedWebApplicationContext : Refreshing org.springframework.boot.context.embedded.AnnotationConfigEmbeddedWebApplicationContext@35c1ed: startup date [Sun Sep 18 21:52:43 CST 2016]; root of context hierarchy
2016-09-18 21:52:45.081  INFO 6288 --- [restartedMain] s.b.c.e.t.TomcatEmbeddedServletContainer : Tomcat initialized with port(s): 8080 (http)
2016-09-18 21:52:45.091  INFO 6288 --- [restartedMain] o.apache.catalina.core.StandardService   : Starting service Tomcat
2016-09-18 21:52:45.092  INFO 6288 --- [restartedMain] org.apache.catalina.core.StandardEngine  : Starting Servlet Engine: Apache Tomcat/8.5.4
2016-09-18 21:52:45.186  INFO 6288 --- [localhost-startStop-1] o.a.c.c.C.[Tomcat].[localhost].[/]       : Initializing Spring embedded WebApplicationContext
2016-09-18 21:52:45.187  INFO 6288 --- [localhost-startStop-1] o.s.web.context.ContextLoader            : Root WebApplicationContext: initialization completed in 1211 ms
2016-09-18 21:52:45.299  INFO 6288 --- [localhost-startStop-1] o.s.b.w.servlet.ServletRegistrationBean  : Mapping servlet: 'dispatcherServlet' to [/]
2016-09-18 21:52:45.302  INFO 6288 --- [localhost-startStop-1] o.s.b.w.servlet.FilterRegistrationBean   : Mapping filter: 'characterEncodingFilter' to: [/*]
2016-09-18 21:52:45.302  INFO 6288 --- [localhost-startStop-1] o.s.b.w.servlet.FilterRegistrationBean   : Mapping filter: 'hiddenHttpMethodFilter' to: [/*]
2016-09-18 21:52:45.302  INFO 6288 --- [localhost-startStop-1] o.s.b.w.servlet.FilterRegistrationBean   : Mapping filter: 'httpPutFormContentFilter' to: [/*]
2016-09-18 21:52:45.302  INFO 6288 --- [localhost-startStop-1] o.s.b.w.servlet.FilterRegistrationBean   : Mapping filter: 'requestContextFilter' to: [/*]
2016-09-18 21:52:45.526  INFO 6288 --- [restartedMain] s.w.s.m.m.a.RequestMappingHandlerAdapter : Looking for @ControllerAdvice: org.springframework.boot.context.embedded.AnnotationConfigEmbeddedWebApplicationContext@35c1ed: startup date [Sun Sep 18 21:52:43 CST 2016]; root of context hierarchy
2016-09-18 21:52:45.578  INFO 6288 --- [restartedMain] s.w.s.m.m.a.RequestMappingHandlerMapping : Mapped "{[/password],methods=[POST]}" onto public java.util.Map<java.lang.String, java.lang.Object> generator.controller.PasswordGeneratorController.index(java.util.Map<java.lang.String, java.lang.Object>)
2016-09-18 21:52:45.580  INFO 6288 --- [restartedMain] s.w.s.m.m.a.RequestMappingHandlerMapping : Mapped "{[/error]}" onto public org.springframework.http.ResponseEntity<java.util.Map<java.lang.String, java.lang.Object>> org.springframework.boot.autoconfigure.web.BasicErrorController.error(javax.servlet.http.HttpServletRequest)
2016-09-18 21:52:45.581  INFO 6288 --- [restartedMain] s.w.s.m.m.a.RequestMappingHandlerMapping : Mapped "{[/error],produces=[text/html]}" onto public org.springframework.web.servlet.ModelAndView org.springframework.boot.autoconfigure.web.BasicErrorController.errorHtml(javax.servlet.http.HttpServletRequest,javax.servlet.http.HttpServletResponse)
2016-09-18 21:52:45.584  INFO 6288 --- [restartedMain] o.s.w.s.c.a.WebMvcConfigurerAdapter      : Adding welcome page: class path resource [static/index.html]
2016-09-18 21:52:45.593  INFO 6288 --- [restartedMain] o.s.w.s.handler.SimpleUrlHandlerMapping  : Root mapping to handler of type [class org.springframework.web.servlet.mvc.ParameterizableViewController]
2016-09-18 21:52:45.601  INFO 6288 --- [restartedMain] o.s.w.s.handler.SimpleUrlHandlerMapping  : Mapped URL path [/webjars/**] onto handler of type [class org.springframework.web.servlet.resource.ResourceHttpRequestHandler]
2016-09-18 21:52:45.602  INFO 6288 --- [restartedMain] o.s.w.s.handler.SimpleUrlHandlerMapping  : Mapped URL path [/**] onto handler of type [class org.springframework.web.servlet.resource.ResourceHttpRequestHandler]
2016-09-18 21:52:45.636  INFO 6288 --- [restartedMain] o.s.w.s.handler.SimpleUrlHandlerMapping  : Mapped URL path [/**/favicon.ico] onto handler of type [class org.springframework.web.servlet.resource.ResourceHttpRequestHandler]
2016-09-18 21:52:45.665  WARN 6288 --- [restartedMain] .t.AbstractTemplateResolverConfiguration : Cannot find template location: classpath:/templates/ (please add some templates or check your Thymeleaf configuration)
2016-09-18 21:52:46.008  INFO 6288 --- [restartedMain] o.s.b.d.a.OptionalLiveReloadServer       : LiveReload server is running on port 35729
2016-09-18 21:52:46.049  INFO 6288 --- [restartedMain] o.s.j.e.a.AnnotationMBeanExporter        : Registering beans for JMX exposure on startup
2016-09-18 21:52:46.072 ERROR 6288 --- [restartedMain] o.a.coyote.http11.Http11NioProtocol      : Failed to start end point associated with ProtocolHandler [http-nio-8080]

java.net.BindException: Address already in use: bind
	at sun.nio.ch.Net.bind0(Native Method) ~[na:1.8.0_101]
	at sun.nio.ch.Net.bind(Net.java:433) ~[na:1.8.0_101]
	at sun.nio.ch.Net.bind(Net.java:425) ~[na:1.8.0_101]
	at sun.nio.ch.ServerSocketChannelImpl.bind(ServerSocketChannelImpl.java:223) ~[na:1.8.0_101]
	at sun.nio.ch.ServerSocketAdaptor.bind(ServerSocketAdaptor.java:74) ~[na:1.8.0_101]
	at org.apache.tomcat.util.net.NioEndpoint.bind(NioEndpoint.java:229) ~[tomcat-embed-core-8.5.4.jar:8.5.4]
	at org.apache.tomcat.util.net.AbstractEndpoint.start(AbstractEndpoint.java:874) ~[tomcat-embed-core-8.5.4.jar:8.5.4]
	at org.apache.coyote.AbstractProtocol.start(AbstractProtocol.java:573) ~[tomcat-embed-core-8.5.4.jar:8.5.4]
	at org.apache.catalina.connector.Connector.startInternal(Connector.java:1035) [tomcat-embed-core-8.5.4.jar:8.5.4]
	at org.apache.catalina.util.LifecycleBase.start(LifecycleBase.java:152) [tomcat-embed-core-8.5.4.jar:8.5.4]
	at org.apache.catalina.core.StandardService.addConnector(StandardService.java:225) [tomcat-embed-core-8.5.4.jar:8.5.4]
	at org.springframework.boot.context.embedded.tomcat.TomcatEmbeddedServletContainer.addPreviouslyRemovedConnectors(TomcatEmbeddedServletContainer.java:234) [spring-boot-1.4.0.RELEASE.jar:1.4.0.RELEASE]
	at org.springframework.boot.context.embedded.tomcat.TomcatEmbeddedServletContainer.start(TomcatEmbeddedServletContainer.java:179) [spring-boot-1.4.0.RELEASE.jar:1.4.0.RELEASE]
	at org.springframework.boot.context.embedded.EmbeddedWebApplicationContext.startEmbeddedServletContainer(EmbeddedWebApplicationContext.java:297) [spring-boot-1.4.0.RELEASE.jar:1.4.0.RELEASE]
	at org.springframework.boot.context.embedded.EmbeddedWebApplicationContext.finishRefresh(EmbeddedWebApplicationContext.java:145) [spring-boot-1.4.0.RELEASE.jar:1.4.0.RELEASE]
	at org.springframework.context.support.AbstractApplicationContext.refresh(AbstractApplicationContext.java:544) [spring-context-4.3.2.RELEASE.jar:4.3.2.RELEASE]
	at org.springframework.boot.context.embedded.EmbeddedWebApplicationContext.refresh(EmbeddedWebApplicationContext.java:122) [spring-boot-1.4.0.RELEASE.jar:1.4.0.RELEASE]
	at org.springframework.boot.SpringApplication.refresh(SpringApplication.java:759) [spring-boot-1.4.0.RELEASE.jar:1.4.0.RELEASE]
	at org.springframework.boot.SpringApplication.refreshContext(SpringApplication.java:369) [spring-boot-1.4.0.RELEASE.jar:1.4.0.RELEASE]
	at org.springframework.boot.SpringApplication.run(SpringApplication.java:313) [spring-boot-1.4.0.RELEASE.jar:1.4.0.RELEASE]
	at org.springframework.boot.SpringApplication.run(SpringApplication.java:1185) [spring-boot-1.4.0.RELEASE.jar:1.4.0.RELEASE]
	at org.springframework.boot.SpringApplication.run(SpringApplication.java:1174) [spring-boot-1.4.0.RELEASE.jar:1.4.0.RELEASE]
	at generator.PasswordGeneratorApplication.main(PasswordGeneratorApplication.java:10) [classes/:na]
	at sun.reflect.NativeMethodAccessorImpl.invoke0(Native Method) ~[na:1.8.0_101]
	at sun.reflect.NativeMethodAccessorImpl.invoke(NativeMethodAccessorImpl.java:62) ~[na:1.8.0_101]
	at sun.reflect.DelegatingMethodAccessorImpl.invoke(DelegatingMethodAccessorImpl.java:43) ~[na:1.8.0_101]
	at java.lang.reflect.Method.invoke(Method.java:498) ~[na:1.8.0_101]
	at org.springframework.boot.devtools.restart.RestartLauncher.run(RestartLauncher.java:49) [spring-boot-devtools-1.4.0.RELEASE.jar:1.4.0.RELEASE]

2016-09-18 21:52:46.073 ERROR 6288 --- [restartedMain] o.apache.catalina.core.StandardService   : Failed to start connector [Connector[HTTP/1.1-8080]]

org.apache.catalina.LifecycleException: Failed to start component [Connector[HTTP/1.1-8080]]
	at org.apache.catalina.util.LifecycleBase.start(LifecycleBase.java:158) ~[tomcat-embed-core-8.5.4.jar:8.5.4]
	at org.apache.catalina.core.StandardService.addConnector(StandardService.java:225) ~[tomcat-embed-core-8.5.4.jar:8.5.4]
	at org.springframework.boot.context.embedded.tomcat.TomcatEmbeddedServletContainer.addPreviouslyRemovedConnectors(TomcatEmbeddedServletContainer.java:234) [spring-boot-1.4.0.RELEASE.jar:1.4.0.RELEASE]
	at org.springframework.boot.context.embedded.tomcat.TomcatEmbeddedServletContainer.start(TomcatEmbeddedServletContainer.java:179) [spring-boot-1.4.0.RELEASE.jar:1.4.0.RELEASE]
	at org.springframework.boot.context.embedded.EmbeddedWebApplicationContext.startEmbeddedServletContainer(EmbeddedWebApplicationContext.java:297) [spring-boot-1.4.0.RELEASE.jar:1.4.0.RELEASE]
	at org.springframework.boot.context.embedded.EmbeddedWebApplicationContext.finishRefresh(EmbeddedWebApplicationContext.java:145) [spring-boot-1.4.0.RELEASE.jar:1.4.0.RELEASE]
	at org.springframework.context.support.AbstractApplicationContext.refresh(AbstractApplicationContext.java:544) [spring-context-4.3.2.RELEASE.jar:4.3.2.RELEASE]
	at org.springframework.boot.context.embedded.EmbeddedWebApplicationContext.refresh(EmbeddedWebApplicationContext.java:122) [spring-boot-1.4.0.RELEASE.jar:1.4.0.RELEASE]
	at org.springframework.boot.SpringApplication.refresh(SpringApplication.java:759) [spring-boot-1.4.0.RELEASE.jar:1.4.0.RELEASE]
	at org.springframework.boot.SpringApplication.refreshContext(SpringApplication.java:369) [spring-boot-1.4.0.RELEASE.jar:1.4.0.RELEASE]
	at org.springframework.boot.SpringApplication.run(SpringApplication.java:313) [spring-boot-1.4.0.RELEASE.jar:1.4.0.RELEASE]
	at org.springframework.boot.SpringApplication.run(SpringApplication.java:1185) [spring-boot-1.4.0.RELEASE.jar:1.4.0.RELEASE]
	at org.springframework.boot.SpringApplication.run(SpringApplication.java:1174) [spring-boot-1.4.0.RELEASE.jar:1.4.0.RELEASE]
	at generator.PasswordGeneratorApplication.main(PasswordGeneratorApplication.java:10) [classes/:na]
	at sun.reflect.NativeMethodAccessorImpl.invoke0(Native Method) ~[na:1.8.0_101]
	at sun.reflect.NativeMethodAccessorImpl.invoke(NativeMethodAccessorImpl.java:62) ~[na:1.8.0_101]
	at sun.reflect.DelegatingMethodAccessorImpl.invoke(DelegatingMethodAccessorImpl.java:43) ~[na:1.8.0_101]
	at java.lang.reflect.Method.invoke(Method.java:498) ~[na:1.8.0_101]
	at org.springframework.boot.devtools.restart.RestartLauncher.run(RestartLauncher.java:49) [spring-boot-devtools-1.4.0.RELEASE.jar:1.4.0.RELEASE]
Caused by: org.apache.catalina.LifecycleException: service.getName(): "Tomcat";  Protocol handler start failed
	at org.apache.catalina.connector.Connector.startInternal(Connector.java:1042) ~[tomcat-embed-core-8.5.4.jar:8.5.4]
	at org.apache.catalina.util.LifecycleBase.start(LifecycleBase.java:152) ~[tomcat-embed-core-8.5.4.jar:8.5.4]
	... 18 common frames omitted
Caused by: java.net.BindException: Address already in use: bind
	at sun.nio.ch.Net.bind0(Native Method) ~[na:1.8.0_101]
	at sun.nio.ch.Net.bind(Net.java:433) ~[na:1.8.0_101]
	at sun.nio.ch.Net.bind(Net.java:425) ~[na:1.8.0_101]
	at sun.nio.ch.ServerSocketChannelImpl.bind(ServerSocketChannelImpl.java:223) ~[na:1.8.0_101]
	at sun.nio.ch.ServerSocketAdaptor.bind(ServerSocketAdaptor.java:74) ~[na:1.8.0_101]
	at org.apache.tomcat.util.net.NioEndpoint.bind(NioEndpoint.java:229) ~[tomcat-embed-core-8.5.4.jar:8.5.4]
	at org.apache.tomcat.util.net.AbstractEndpoint.start(AbstractEndpoint.java:874) ~[tomcat-embed-core-8.5.4.jar:8.5.4]
	at org.apache.coyote.AbstractProtocol.start(AbstractProtocol.java:573) ~[tomcat-embed-core-8.5.4.jar:8.5.4]
	at org.apache.catalina.connector.Connector.startInternal(Connector.java:1035) ~[tomcat-embed-core-8.5.4.jar:8.5.4]
	... 19 common frames omitted

2016-09-18 21:52:46.079  INFO 6288 --- [restartedMain] o.apache.catalina.core.StandardService   : Stopping service Tomcat
2016-09-18 21:52:46.086  INFO 6288 --- [restartedMain] utoConfigurationReportLoggingInitializer : 

Error starting ApplicationContext. To display the auto-configuration report enable debug logging (start with --debug)


2016-09-18 21:52:46.096 ERROR 6288 --- [restartedMain] o.s.b.d.LoggingFailureAnalysisReporter   : 

***************************
APPLICATION FAILED TO START
***************************

Description:

Embedded servlet container failed to start. Port 8080 was already in use.

Action:

Identify and stop the process that's listening on port 8080 or configure this application to listen on another port.

2016-09-18 21:52:46.097  INFO 6288 --- [restartedMain] ationConfigEmbeddedWebApplicationContext : Closing org.springframework.boot.context.embedded.AnnotationConfigEmbeddedWebApplicationContext@35c1ed: startup date [Sun Sep 18 21:52:43 CST 2016]; root of context hierarchy
2016-09-18 21:52:46.098  INFO 6288 --- [restartedMain] o.s.j.e.a.AnnotationMBeanExporter        : Unregistering JMX-exposed beans on shutdown
2016-09-18 21:53:00.896  INFO 9964 --- [restartedMain] generator.PasswordGeneratorApplication   : Starting PasswordGeneratorApplication on RCA with PID 9964 (R:\Developer\workspace\password-generator\target\classes started by Ronnie Ang in R:\Developer\workspace\password-generator)
2016-09-18 21:53:00.899  INFO 9964 --- [restartedMain] generator.PasswordGeneratorApplication   : No active profile set, falling back to default profiles: default
2016-09-18 21:53:01.146  INFO 9964 --- [restartedMain] ationConfigEmbeddedWebApplicationContext : Refreshing org.springframework.boot.context.embedded.AnnotationConfigEmbeddedWebApplicationContext@17ad8be: startup date [Sun Sep 18 21:53:01 CST 2016]; root of context hierarchy
2016-09-18 21:53:02.165  INFO 9964 --- [restartedMain] s.b.c.e.t.TomcatEmbeddedServletContainer : Tomcat initialized with port(s): 8080 (http)
2016-09-18 21:53:02.173  INFO 9964 --- [restartedMain] o.apache.catalina.core.StandardService   : Starting service Tomcat
2016-09-18 21:53:02.174  INFO 9964 --- [restartedMain] org.apache.catalina.core.StandardEngine  : Starting Servlet Engine: Apache Tomcat/8.5.4
2016-09-18 21:53:02.233  INFO 9964 --- [localhost-startStop-1] o.a.c.c.C.[Tomcat].[localhost].[/]       : Initializing Spring embedded WebApplicationContext
2016-09-18 21:53:02.233  INFO 9964 --- [localhost-startStop-1] o.s.web.context.ContextLoader            : Root WebApplicationContext: initialization completed in 1090 ms
2016-09-18 21:53:02.346  INFO 9964 --- [localhost-startStop-1] o.s.b.w.servlet.ServletRegistrationBean  : Mapping servlet: 'dispatcherServlet' to [/]
2016-09-18 21:53:02.349  INFO 9964 --- [localhost-startStop-1] o.s.b.w.servlet.FilterRegistrationBean   : Mapping filter: 'characterEncodingFilter' to: [/*]
2016-09-18 21:53:02.350  INFO 9964 --- [localhost-startStop-1] o.s.b.w.servlet.FilterRegistrationBean   : Mapping filter: 'hiddenHttpMethodFilter' to: [/*]
2016-09-18 21:53:02.350  INFO 9964 --- [localhost-startStop-1] o.s.b.w.servlet.FilterRegistrationBean   : Mapping filter: 'httpPutFormContentFilter' to: [/*]
2016-09-18 21:53:02.350  INFO 9964 --- [localhost-startStop-1] o.s.b.w.servlet.FilterRegistrationBean   : Mapping filter: 'requestContextFilter' to: [/*]
2016-09-18 21:53:02.569  INFO 9964 --- [restartedMain] s.w.s.m.m.a.RequestMappingHandlerAdapter : Looking for @ControllerAdvice: org.springframework.boot.context.embedded.AnnotationConfigEmbeddedWebApplicationContext@17ad8be: startup date [Sun Sep 18 21:53:01 CST 2016]; root of context hierarchy
2016-09-18 21:53:02.621  INFO 9964 --- [restartedMain] s.w.s.m.m.a.RequestMappingHandlerMapping : Mapped "{[/password],methods=[POST]}" onto public java.util.Map<java.lang.String, java.lang.Object> generator.controller.PasswordGeneratorController.index(java.util.Map<java.lang.String, java.lang.Object>)
2016-09-18 21:53:02.624  INFO 9964 --- [restartedMain] s.w.s.m.m.a.RequestMappingHandlerMapping : Mapped "{[/error]}" onto public org.springframework.http.ResponseEntity<java.util.Map<java.lang.String, java.lang.Object>> org.springframework.boot.autoconfigure.web.BasicErrorController.error(javax.servlet.http.HttpServletRequest)
2016-09-18 21:53:02.624  INFO 9964 --- [restartedMain] s.w.s.m.m.a.RequestMappingHandlerMapping : Mapped "{[/error],produces=[text/html]}" onto public org.springframework.web.servlet.ModelAndView org.springframework.boot.autoconfigure.web.BasicErrorController.errorHtml(javax.servlet.http.HttpServletRequest,javax.servlet.http.HttpServletResponse)
2016-09-18 21:53:02.627  INFO 9964 --- [restartedMain] o.s.w.s.c.a.WebMvcConfigurerAdapter      : Adding welcome page: class path resource [static/index.html]
2016-09-18 21:53:02.635  INFO 9964 --- [restartedMain] o.s.w.s.handler.SimpleUrlHandlerMapping  : Root mapping to handler of type [class org.springframework.web.servlet.mvc.ParameterizableViewController]
2016-09-18 21:53:02.644  INFO 9964 --- [restartedMain] o.s.w.s.handler.SimpleUrlHandlerMapping  : Mapped URL path [/webjars/**] onto handler of type [class org.springframework.web.servlet.resource.ResourceHttpRequestHandler]
2016-09-18 21:53:02.644  INFO 9964 --- [restartedMain] o.s.w.s.handler.SimpleUrlHandlerMapping  : Mapped URL path [/**] onto handler of type [class org.springframework.web.servlet.resource.ResourceHttpRequestHandler]
2016-09-18 21:53:02.678  INFO 9964 --- [restartedMain] o.s.w.s.handler.SimpleUrlHandlerMapping  : Mapped URL path [/**/favicon.ico] onto handler of type [class org.springframework.web.servlet.resource.ResourceHttpRequestHandler]
2016-09-18 21:53:02.708  WARN 9964 --- [restartedMain] .t.AbstractTemplateResolverConfiguration : Cannot find template location: classpath:/templates/ (please add some templates or check your Thymeleaf configuration)
2016-09-18 21:53:03.010  INFO 9964 --- [restartedMain] o.s.b.d.a.OptionalLiveReloadServer       : LiveReload server is running on port 35729
2016-09-18 21:53:03.050  INFO 9964 --- [restartedMain] o.s.j.e.a.AnnotationMBeanExporter        : Registering beans for JMX exposure on startup
2016-09-18 21:53:03.182  INFO 9964 --- [restartedMain] s.b.c.e.t.TomcatEmbeddedServletContainer : Tomcat started on port(s): 8080 (http)
2016-09-18 21:53:03.185  INFO 9964 --- [restartedMain] generator.PasswordGeneratorApplication   : Started PasswordGeneratorApplication in 2.621 seconds (JVM running for 3.181)
2016-09-18 21:53:16.889  INFO 9964 --- [RMI TCP Connection(2)-192.168.246.1] inMXBeanRegistrar$SpringApplicationAdmin : Application shutdown requested.
2016-09-18 21:53:16.890  INFO 9964 --- [RMI TCP Connection(2)-192.168.246.1] ationConfigEmbeddedWebApplicationContext : Closing org.springframework.boot.context.embedded.AnnotationConfigEmbeddedWebApplicationContext@17ad8be: startup date [Sun Sep 18 21:53:01 CST 2016]; root of context hierarchy
2016-09-18 21:53:16.894  INFO 9964 --- [RMI TCP Connection(2)-192.168.246.1] o.s.j.e.a.AnnotationMBeanExporter        : Unregistering JMX-exposed beans on shutdown
2016-09-18 22:05:46.837  INFO 9700 --- [restartedMain] generator.PasswordGeneratorApplication   : Starting PasswordGeneratorApplication on RCA with PID 9700 (R:\Developer\workspace\password-generator\target\classes started by Ronnie Ang in R:\Developer\workspace\password-generator)
2016-09-18 22:05:46.840  INFO 9700 --- [restartedMain] generator.PasswordGeneratorApplication   : No active profile set, falling back to default profiles: default
2016-09-18 22:05:47.094  INFO 9700 --- [restartedMain] ationConfigEmbeddedWebApplicationContext : Refreshing org.springframework.boot.context.embedded.AnnotationConfigEmbeddedWebApplicationContext@17ad8be: startup date [Sun Sep 18 22:05:47 CST 2016]; root of context hierarchy
2016-09-18 22:05:48.080  INFO 9700 --- [restartedMain] s.b.c.e.t.TomcatEmbeddedServletContainer : Tomcat initialized with port(s): 8080 (http)
2016-09-18 22:05:48.088  INFO 9700 --- [restartedMain] o.apache.catalina.core.StandardService   : Starting service Tomcat
2016-09-18 22:05:48.088  INFO 9700 --- [restartedMain] org.apache.catalina.core.StandardEngine  : Starting Servlet Engine: Apache Tomcat/8.5.4
2016-09-18 22:05:48.184  INFO 9700 --- [localhost-startStop-1] o.a.c.c.C.[Tomcat].[localhost].[/]       : Initializing Spring embedded WebApplicationContext
2016-09-18 22:05:48.184  INFO 9700 --- [localhost-startStop-1] o.s.web.context.ContextLoader            : Root WebApplicationContext: initialization completed in 1093 ms
2016-09-18 22:05:48.299  INFO 9700 --- [localhost-startStop-1] o.s.b.w.servlet.ServletRegistrationBean  : Mapping servlet: 'dispatcherServlet' to [/]
2016-09-18 22:05:48.301  INFO 9700 --- [localhost-startStop-1] o.s.b.w.servlet.FilterRegistrationBean   : Mapping filter: 'characterEncodingFilter' to: [/*]
2016-09-18 22:05:48.302  INFO 9700 --- [localhost-startStop-1] o.s.b.w.servlet.FilterRegistrationBean   : Mapping filter: 'hiddenHttpMethodFilter' to: [/*]
2016-09-18 22:05:48.302  INFO 9700 --- [localhost-startStop-1] o.s.b.w.servlet.FilterRegistrationBean   : Mapping filter: 'httpPutFormContentFilter' to: [/*]
2016-09-18 22:05:48.302  INFO 9700 --- [localhost-startStop-1] o.s.b.w.servlet.FilterRegistrationBean   : Mapping filter: 'requestContextFilter' to: [/*]
2016-09-18 22:05:48.531  INFO 9700 --- [restartedMain] s.w.s.m.m.a.RequestMappingHandlerAdapter : Looking for @ControllerAdvice: org.springframework.boot.context.embedded.AnnotationConfigEmbeddedWebApplicationContext@17ad8be: startup date [Sun Sep 18 22:05:47 CST 2016]; root of context hierarchy
2016-09-18 22:05:48.583  INFO 9700 --- [restartedMain] s.w.s.m.m.a.RequestMappingHandlerMapping : Mapped "{[/password],methods=[POST]}" onto public java.util.Map<java.lang.String, java.lang.Object> generator.controller.PasswordGeneratorController.index(java.util.Map<java.lang.String, java.lang.Object>)
2016-09-18 22:05:48.587  INFO 9700 --- [restartedMain] s.w.s.m.m.a.RequestMappingHandlerMapping : Mapped "{[/error]}" onto public org.springframework.http.ResponseEntity<java.util.Map<java.lang.String, java.lang.Object>> org.springframework.boot.autoconfigure.web.BasicErrorController.error(javax.servlet.http.HttpServletRequest)
2016-09-18 22:05:48.587  INFO 9700 --- [restartedMain] s.w.s.m.m.a.RequestMappingHandlerMapping : Mapped "{[/error],produces=[text/html]}" onto public org.springframework.web.servlet.ModelAndView org.springframework.boot.autoconfigure.web.BasicErrorController.errorHtml(javax.servlet.http.HttpServletRequest,javax.servlet.http.HttpServletResponse)
2016-09-18 22:05:48.590  INFO 9700 --- [restartedMain] o.s.w.s.c.a.WebMvcConfigurerAdapter      : Adding welcome page: class path resource [static/index.html]
2016-09-18 22:05:48.600  INFO 9700 --- [restartedMain] o.s.w.s.handler.SimpleUrlHandlerMapping  : Root mapping to handler of type [class org.springframework.web.servlet.mvc.ParameterizableViewController]
2016-09-18 22:05:48.609  INFO 9700 --- [restartedMain] o.s.w.s.handler.SimpleUrlHandlerMapping  : Mapped URL path [/webjars/**] onto handler of type [class org.springframework.web.servlet.resource.ResourceHttpRequestHandler]
2016-09-18 22:05:48.609  INFO 9700 --- [restartedMain] o.s.w.s.handler.SimpleUrlHandlerMapping  : Mapped URL path [/**] onto handler of type [class org.springframework.web.servlet.resource.ResourceHttpRequestHandler]
2016-09-18 22:05:48.642  INFO 9700 --- [restartedMain] o.s.w.s.handler.SimpleUrlHandlerMapping  : Mapped URL path [/**/favicon.ico] onto handler of type [class org.springframework.web.servlet.resource.ResourceHttpRequestHandler]
2016-09-18 22:05:48.667  WARN 9700 --- [restartedMain] .t.AbstractTemplateResolverConfiguration : Cannot find template location: classpath:/templates/ (please add some templates or check your Thymeleaf configuration)
2016-09-18 22:05:48.974  INFO 9700 --- [restartedMain] o.s.b.d.a.OptionalLiveReloadServer       : LiveReload server is running on port 35729
2016-09-18 22:05:49.014  INFO 9700 --- [restartedMain] o.s.j.e.a.AnnotationMBeanExporter        : Registering beans for JMX exposure on startup
2016-09-18 22:05:49.052  INFO 9700 --- [restartedMain] s.b.c.e.t.TomcatEmbeddedServletContainer : Tomcat started on port(s): 8080 (http)
2016-09-18 22:05:49.055  INFO 9700 --- [restartedMain] generator.PasswordGeneratorApplication   : Started PasswordGeneratorApplication in 2.556 seconds (JVM running for 3.082)
2016-09-18 22:05:54.436  INFO 9700 --- [http-nio-8080-exec-1] o.a.c.c.C.[Tomcat].[localhost].[/]       : Initializing Spring FrameworkServlet 'dispatcherServlet'
2016-09-18 22:05:54.436  INFO 9700 --- [http-nio-8080-exec-1] o.s.web.servlet.DispatcherServlet        : FrameworkServlet 'dispatcherServlet': initialization started
2016-09-18 22:05:54.451  INFO 9700 --- [http-nio-8080-exec-1] o.s.web.servlet.DispatcherServlet        : FrameworkServlet 'dispatcherServlet': initialization completed in 15 ms
2016-09-18 22:05:56.609  INFO 9700 --- [http-nio-8080-exec-6] g.c.PasswordGeneratorController          : qMeCwxvi
2016-09-18 22:05:57.314  INFO 9700 --- [http-nio-8080-exec-7] g.c.PasswordGeneratorController          : jmYq073f
2016-09-18 22:05:57.938  INFO 9700 --- [http-nio-8080-exec-8] g.c.PasswordGeneratorController          : 3xpOkGKi
2016-09-18 22:06:02.564  INFO 9700 --- [http-nio-8080-exec-9] g.c.PasswordGeneratorController          : TiyQ$2vq
2016-09-18 22:06:03.710  INFO 9700 --- [http-nio-8080-exec-10] g.c.PasswordGeneratorController          : d$0rCj78
2016-09-18 22:06:04.517  INFO 9700 --- [http-nio-8080-exec-1] g.c.PasswordGeneratorController          : 5$fTMyVq
2016-09-18 22:06:05.372  INFO 9700 --- [http-nio-8080-exec-3] g.c.PasswordGeneratorController          : HSLmILo$
2016-09-18 22:06:06.349  INFO 9700 --- [http-nio-8080-exec-4] g.c.PasswordGeneratorController          : v$SS#13f
2016-09-18 22:06:07.240  INFO 9700 --- [http-nio-8080-exec-2] g.c.PasswordGeneratorController          : ff$OnqHB
2016-09-18 22:06:07.896  INFO 9700 --- [http-nio-8080-exec-5] g.c.PasswordGeneratorController          : @Khb#$d6
2016-09-18 22:06:08.961  INFO 9700 --- [http-nio-8080-exec-6] g.c.PasswordGeneratorController          : z9ApF3$M
2016-09-18 22:06:10.132  INFO 9700 --- [http-nio-8080-exec-7] g.c.PasswordGeneratorController          : uQN2R5I$
2016-09-18 22:06:11.294  INFO 9700 --- [http-nio-8080-exec-8] g.c.PasswordGeneratorController          : AQ3$XiWq
2016-09-18 22:06:12.239  INFO 9700 --- [http-nio-8080-exec-9] g.c.PasswordGeneratorController          : 7$j3oi@k
2016-09-18 22:06:13.202  INFO 9700 --- [http-nio-8080-exec-10] g.c.PasswordGeneratorController          : T$PTW0M1
2016-09-18 22:06:14.149  INFO 9700 --- [http-nio-8080-exec-1] g.c.PasswordGeneratorController          : $y#baxPR
2016-09-18 22:06:15.091  INFO 9700 --- [http-nio-8080-exec-3] g.c.PasswordGeneratorController          : ql$WZbrZ
2016-09-18 22:06:15.773  INFO 9700 --- [http-nio-8080-exec-4] g.c.PasswordGeneratorController          : P$qhmVn@
2016-09-18 22:06:16.493  INFO 9700 --- [http-nio-8080-exec-2] g.c.PasswordGeneratorController          : $bCixYkL
2016-09-18 22:06:17.055  INFO 9700 --- [http-nio-8080-exec-5] g.c.PasswordGeneratorController          : puH40j$r
2016-09-18 22:06:17.808  INFO 9700 --- [http-nio-8080-exec-6] g.c.PasswordGeneratorController          : DC0D1tA$
2016-09-18 22:06:18.547  INFO 9700 --- [http-nio-8080-exec-7] g.c.PasswordGeneratorController          : $L9nSJHc
2016-09-18 22:06:19.775  INFO 9700 --- [http-nio-8080-exec-8] g.c.PasswordGeneratorController          : KenH#u1$
2016-09-18 22:06:20.661  INFO 9700 --- [http-nio-8080-exec-9] g.c.PasswordGeneratorController          : 793pXc$t
2016-09-18 22:06:21.365  INFO 9700 --- [http-nio-8080-exec-10] g.c.PasswordGeneratorController          : ERRp$bf#
2016-09-18 22:06:22.119  INFO 9700 --- [http-nio-8080-exec-1] g.c.PasswordGeneratorController          : IIz$UqwF
2016-09-18 22:06:23.038  INFO 9700 --- [http-nio-8080-exec-3] g.c.PasswordGeneratorController          : Y$DlyFoO
2016-09-18 22:07:06.842  INFO 9700 --- [http-nio-8080-exec-6] g.c.PasswordGeneratorController          : N9C$VAV9
2016-09-18 22:07:08.043  INFO 9700 --- [http-nio-8080-exec-7] g.c.PasswordGeneratorController          : 0$sf@QmN
2016-09-18 22:07:09.631  INFO 9700 --- [http-nio-8080-exec-8] g.c.PasswordGeneratorController          : kk5$aFc3
2016-09-18 22:07:10.788  INFO 9700 --- [http-nio-8080-exec-9] g.c.PasswordGeneratorController          : 6XFX0y9$
2016-09-18 22:07:13.510  INFO 9700 --- [http-nio-8080-exec-10] g.c.PasswordGeneratorController          : CQ3XuZoH
2016-09-18 22:07:14.063  INFO 9700 --- [http-nio-8080-exec-1] g.c.PasswordGeneratorController          : RUS8tFnE
2016-09-18 22:07:14.428  INFO 9700 --- [http-nio-8080-exec-3] g.c.PasswordGeneratorController          : Z5NdMhGb
2016-09-18 22:07:14.896  INFO 9700 --- [http-nio-8080-exec-2] g.c.PasswordGeneratorController          : yf9J5UE0
2016-09-18 22:07:15.304  INFO 9700 --- [http-nio-8080-exec-4] g.c.PasswordGeneratorController          : PsXcTbxv
2016-09-18 22:07:15.766  INFO 9700 --- [http-nio-8080-exec-5] g.c.PasswordGeneratorController          : xtZwEXCg
2016-09-18 22:07:16.265  INFO 9700 --- [http-nio-8080-exec-6] g.c.PasswordGeneratorController          : z4l7ebou
2016-09-18 22:07:16.746  INFO 9700 --- [http-nio-8080-exec-7] g.c.PasswordGeneratorController          : Fm176X4C
2016-09-18 22:07:17.216  INFO 9700 --- [http-nio-8080-exec-8] g.c.PasswordGeneratorController          : 0jO2wzm0
2016-09-18 22:07:17.640  INFO 9700 --- [http-nio-8080-exec-9] g.c.PasswordGeneratorController          : 0xdEAHCa
2016-09-18 22:07:18.477  INFO 9700 --- [http-nio-8080-exec-10] g.c.PasswordGeneratorController          : 6YQ74Pu1
2016-09-18 22:07:19.958  INFO 9700 --- [http-nio-8080-exec-1] g.c.PasswordGeneratorController          : eZYGaNzA
2016-09-18 22:07:20.648  INFO 9700 --- [http-nio-8080-exec-3] g.c.PasswordGeneratorController          : QbevgwQI
2016-09-18 22:07:21.386  INFO 9700 --- [http-nio-8080-exec-2] g.c.PasswordGeneratorController          : 7piPGBhE
2016-09-18 22:07:22.034  INFO 9700 --- [http-nio-8080-exec-4] g.c.PasswordGeneratorController          : EsBxfzQa
2016-09-18 22:07:22.713  INFO 9700 --- [http-nio-8080-exec-5] g.c.PasswordGeneratorController          : DbuEIwxl
2016-09-18 22:07:23.715  INFO 9700 --- [http-nio-8080-exec-6] g.c.PasswordGeneratorController          : rLuuShNI
2016-09-18 22:07:24.549  INFO 9700 --- [http-nio-8080-exec-7] g.c.PasswordGeneratorController          : F7IvMfQN
2016-09-18 22:07:30.504  INFO 9700 --- [http-nio-8080-exec-8] g.c.PasswordGeneratorController          : jBj3@zMO
2016-09-18 22:07:31.135  INFO 9700 --- [http-nio-8080-exec-9] g.c.PasswordGeneratorController          : X9G@pwrX
2016-09-18 22:07:31.671  INFO 9700 --- [http-nio-8080-exec-10] g.c.PasswordGeneratorController          : UewIo@t5
2016-09-18 22:07:32.330  INFO 9700 --- [http-nio-8080-exec-1] g.c.PasswordGeneratorController          : lJ3Il@ic
2016-09-18 22:07:32.933  INFO 9700 --- [http-nio-8080-exec-3] g.c.PasswordGeneratorController          : cn4Rb5@Q
2016-09-18 22:07:33.523  INFO 9700 --- [http-nio-8080-exec-2] g.c.PasswordGeneratorController          : ogUnO@rk
2016-09-18 22:07:34.050  INFO 9700 --- [http-nio-8080-exec-4] g.c.PasswordGeneratorController          : @kLnZGxu
2016-09-18 22:07:34.685  INFO 9700 --- [http-nio-8080-exec-5] g.c.PasswordGeneratorController          : 3HK@ZKrG
2016-09-18 22:07:35.351  INFO 9700 --- [http-nio-8080-exec-6] g.c.PasswordGeneratorController          : vQTl@wpX
2016-09-18 22:07:35.883  INFO 9700 --- [http-nio-8080-exec-7] g.c.PasswordGeneratorController          : zQq@oQ8E
2016-09-18 22:07:36.647  INFO 9700 --- [http-nio-8080-exec-8] g.c.PasswordGeneratorController          : Xkcj@S5L
2016-09-18 22:07:37.247  INFO 9700 --- [http-nio-8080-exec-9] g.c.PasswordGeneratorController          : vXSf@SPy
2016-09-18 22:07:37.824  INFO 9700 --- [http-nio-8080-exec-10] g.c.PasswordGeneratorController          : 6sU@7nx8
2016-09-18 22:07:38.554  INFO 9700 --- [http-nio-8080-exec-1] g.c.PasswordGeneratorController          : HnbtIj@Q
2016-09-18 22:07:39.220  INFO 9700 --- [http-nio-8080-exec-3] g.c.PasswordGeneratorController          : 05GYIQ@h
2016-09-18 22:07:40.501  INFO 9700 --- [http-nio-8080-exec-2] g.c.PasswordGeneratorController          : tpts@3ZG
2016-09-18 22:07:41.203  INFO 9700 --- [http-nio-8080-exec-4] g.c.PasswordGeneratorController          : p1@QX1vI
2016-09-18 22:07:41.767  INFO 9700 --- [http-nio-8080-exec-5] g.c.PasswordGeneratorController          : 93V5W@B0
2016-09-18 22:07:42.678  INFO 9700 --- [http-nio-8080-exec-6] g.c.PasswordGeneratorController          : H75@rWCB
2016-09-18 22:07:43.380  INFO 9700 --- [http-nio-8080-exec-7] g.c.PasswordGeneratorController          : 0F49@V60
2016-09-18 22:07:43.968  INFO 9700 --- [http-nio-8080-exec-8] g.c.PasswordGeneratorController          : f1e@FoH4
2016-09-18 22:07:44.432  INFO 9700 --- [http-nio-8080-exec-9] g.c.PasswordGeneratorController          : TTGUDhL@
2016-09-18 22:07:54.384  INFO 9700 --- [http-nio-8080-exec-10] g.c.PasswordGeneratorController          : VMRHs&UD
2016-09-18 22:07:55.385  INFO 9700 --- [http-nio-8080-exec-1] g.c.PasswordGeneratorController          : f2MrerF&
2016-09-18 22:07:56.380  INFO 9700 --- [http-nio-8080-exec-3] g.c.PasswordGeneratorController          : GX6&br9f
2016-09-18 22:07:57.621  INFO 9700 --- [http-nio-8080-exec-2] g.c.PasswordGeneratorController          : d&jwG&6F
2016-09-18 22:07:59.129  INFO 9700 --- [http-nio-8080-exec-4] g.c.PasswordGeneratorController          : &RkgapT1
2016-09-18 22:08:00.175  INFO 9700 --- [http-nio-8080-exec-5] g.c.PasswordGeneratorController          : gXM&ytKL
2016-09-18 22:08:02.044  INFO 9700 --- [http-nio-8080-exec-6] g.c.PasswordGeneratorController          : llyfCz&C
2016-09-18 22:08:03.380  INFO 9700 --- [http-nio-8080-exec-7] g.c.PasswordGeneratorController          : 2y&uau@F
2016-09-18 22:08:04.200  INFO 9700 --- [http-nio-8080-exec-8] g.c.PasswordGeneratorController          : zM19@wz&
2016-09-18 22:08:04.883  INFO 9700 --- [http-nio-8080-exec-9] g.c.PasswordGeneratorController          : EV2&BNnO
2016-09-18 22:08:05.794  INFO 9700 --- [http-nio-8080-exec-10] g.c.PasswordGeneratorController          : R&nhtJQX
2016-09-18 22:08:06.740  INFO 9700 --- [http-nio-8080-exec-1] g.c.PasswordGeneratorController          : c@I4Ytz&
2016-09-18 22:08:07.743  INFO 9700 --- [http-nio-8080-exec-3] g.c.PasswordGeneratorController          : DJ&0dFNh
2016-09-18 22:08:14.292  INFO 9700 --- [http-nio-8080-exec-2] g.c.PasswordGeneratorController          : WAbYB$ol
2016-09-18 22:08:14.874  INFO 9700 --- [http-nio-8080-exec-4] g.c.PasswordGeneratorController          : $Z47vI7o
2016-09-18 22:08:15.462  INFO 9700 --- [http-nio-8080-exec-5] g.c.PasswordGeneratorController          : H1$eL0OK
2016-09-18 22:08:16.116  INFO 9700 --- [http-nio-8080-exec-6] g.c.PasswordGeneratorController          : W5PO9bF$
2016-09-18 22:08:16.638  INFO 9700 --- [http-nio-8080-exec-7] g.c.PasswordGeneratorController          : JEMxk$en
2016-09-18 22:08:17.166  INFO 9700 --- [http-nio-8080-exec-8] g.c.PasswordGeneratorController          : hp2q6$Xj
2016-09-18 22:08:27.143  INFO 9700 --- [RMI TCP Connection(2)-192.168.246.1] inMXBeanRegistrar$SpringApplicationAdmin : Application shutdown requested.
2016-09-18 22:08:27.143  INFO 9700 --- [RMI TCP Connection(2)-192.168.246.1] ationConfigEmbeddedWebApplicationContext : Closing org.springframework.boot.context.embedded.AnnotationConfigEmbeddedWebApplicationContext@17ad8be: startup date [Sun Sep 18 22:05:47 CST 2016]; root of context hierarchy
2016-09-18 22:08:27.144  INFO 9700 --- [RMI TCP Connection(2)-192.168.246.1] o.s.j.e.a.AnnotationMBeanExporter        : Unregistering JMX-exposed beans on shutdown
2016-09-18 22:08:43.679  INFO 11052 --- [main] g.PasswordGeneratorApplicationTests      : Starting PasswordGeneratorApplicationTests on RCA with PID 11052 (started by Ronnie Ang in R:\Developer\workspace\password-generator)
2016-09-18 22:08:43.680  INFO 11052 --- [main] g.PasswordGeneratorApplicationTests      : No active profile set, falling back to default profiles: default
2016-09-18 22:08:43.934  INFO 11052 --- [main] o.s.w.c.s.GenericWebApplicationContext   : Refreshing org.springframework.web.context.support.GenericWebApplicationContext@11f98ef: startup date [Sun Sep 18 22:08:43 CST 2016]; root of context hierarchy
2016-09-18 22:08:45.262  INFO 11052 --- [main] s.w.s.m.m.a.RequestMappingHandlerAdapter : Looking for @ControllerAdvice: org.springframework.web.context.support.GenericWebApplicationContext@11f98ef: startup date [Sun Sep 18 22:08:43 CST 2016]; root of context hierarchy
2016-09-18 22:08:45.334  INFO 11052 --- [main] s.w.s.m.m.a.RequestMappingHandlerMapping : Mapped "{[/password],methods=[POST]}" onto public java.util.Map<java.lang.String, java.lang.Object> generator.controller.PasswordGeneratorController.index(java.util.Map<java.lang.String, java.lang.Object>)
2016-09-18 22:08:45.338  INFO 11052 --- [main] s.w.s.m.m.a.RequestMappingHandlerMapping : Mapped "{[/error]}" onto public org.springframework.http.ResponseEntity<java.util.Map<java.lang.String, java.lang.Object>> org.springframework.boot.autoconfigure.web.BasicErrorController.error(javax.servlet.http.HttpServletRequest)
2016-09-18 22:08:45.338  INFO 11052 --- [main] s.w.s.m.m.a.RequestMappingHandlerMapping : Mapped "{[/error],produces=[text/html]}" onto public org.springframework.web.servlet.ModelAndView org.springframework.boot.autoconfigure.web.BasicErrorController.errorHtml(javax.servlet.http.HttpServletRequest,javax.servlet.http.HttpServletResponse)
2016-09-18 22:08:45.343  INFO 11052 --- [main] o.s.w.s.c.a.WebMvcConfigurerAdapter      : Adding welcome page: ServletContext resource [/index.html]
2016-09-18 22:08:45.357  INFO 11052 --- [main] o.s.w.s.handler.SimpleUrlHandlerMapping  : Root mapping to handler of type [class org.springframework.web.servlet.mvc.ParameterizableViewController]
2016-09-18 22:08:45.370  INFO 11052 --- [main] o.s.w.s.handler.SimpleUrlHandlerMapping  : Mapped URL path [/webjars/**] onto handler of type [class org.springframework.web.servlet.resource.ResourceHttpRequestHandler]
2016-09-18 22:08:45.371  INFO 11052 --- [main] o.s.w.s.handler.SimpleUrlHandlerMapping  : Mapped URL path [/**] onto handler of type [class org.springframework.web.servlet.resource.ResourceHttpRequestHandler]
2016-09-18 22:08:45.469  INFO 11052 --- [main] o.s.w.s.handler.SimpleUrlHandlerMapping  : Mapped URL path [/**/favicon.ico] onto handler of type [class org.springframework.web.servlet.resource.ResourceHttpRequestHandler]
2016-09-18 22:08:45.507  WARN 11052 --- [main] .t.AbstractTemplateResolverConfiguration : Cannot find template location: classpath:/templates/ (please add some templates or check your Thymeleaf configuration)
2016-09-18 22:08:45.959  INFO 11052 --- [main] g.PasswordGeneratorApplicationTests      : Started PasswordGeneratorApplicationTests in 2.627 seconds (JVM running for 3.318)
2016-09-18 22:08:46.009  INFO 11052 --- [Thread-2] o.s.w.c.s.GenericWebApplicationContext   : Closing org.springframework.web.context.support.GenericWebApplicationContext@11f98ef: startup date [Sun Sep 18 22:08:43 CST 2016]; root of context hierarchy
